Loading required package: usethis
Loading required package: usethis
ℹ Updating latertest documentation
ℹ Loading latertest
ℹ Re-compiling latertest (debug build)
── R CMD INSTALL ───────────────────────────────────────────────────────────────
* installing *source* package ‘latertest’ ...
** this is package ‘latertest’ version ‘0.1’
** using staged installation
** libs
specified C++23
using C++ compiler: ‘g++ (GCC) 15.2.1 20260209’
using C++23
make[1]: Entering directory '/home/pacha/Documents/later/latertest/src'
make[1]: Leaving directory '/home/pacha/Documents/later/latertest/src'
make[1]: Entering directory '/home/pacha/Documents/later/latertest/src'
g++ -std=gnu++23 -I"/usr/include/R/" -DNDEBUG  -I'/home/pacha/R/x86_64-pc-linux-gnu-library/4.6/cpp4r/include' -I'/home/pacha/R/x86_64-pc-linux-gnu-library/4.6/later/include' -I/usr/local/include   -fopenmp -fpic  -march=x86-64 -mtune=generic -O2 -pipe -fno-plt -fexceptions         -Wp,-D_FORTIFY_SOURCE=3 -Wformat -Werror=format-security         -fstack-clash-protection -fcf-protection         -fno-omit-frame-pointer -mno-omit-leaf-frame-pointer -Wp,-D_GLIBCXX_ASSERTIONS -g -ffile-prefix-map=/build/r/src=/usr/src/debug/r -flto=auto -ffat-lto-objects   -c cpp4r.cpp -o cpp4r.o
g++ -std=gnu++23 -I"/usr/include/R/" -DNDEBUG  -I'/home/pacha/R/x86_64-pc-linux-gnu-library/4.6/cpp4r/include' -I'/home/pacha/R/x86_64-pc-linux-gnu-library/4.6/later/include' -I/usr/local/include   -fopenmp -fpic  -march=x86-64 -mtune=generic -O2 -pipe -fno-plt -fexceptions         -Wp,-D_FORTIFY_SOURCE=3 -Wformat -Werror=format-security         -fstack-clash-protection -fcf-protection         -fno-omit-frame-pointer -mno-omit-leaf-frame-pointer -Wp,-D_GLIBCXX_ASSERTIONS -g -ffile-prefix-map=/build/r/src=/usr/src/debug/r -flto=auto -ffat-lto-objects   -c latertest.cpp -o latertest.o
g++ -std=gnu++23 -shared -L/usr/lib64/R/lib -Wl,-O1 -Wl,--sort-common -Wl,--as-needed -Wl,-z,relro -Wl,-z,now -Wl,-z,pack-relative-relocs -flto=auto -o latertest.so cpp4r.o latertest.o -fopenmp -L/usr/lib64/R/lib -lR
make[1]: Leaving directory '/home/pacha/Documents/later/latertest/src'
installing to /tmp/Rtmp1YtlWn/devtools_install_3045d4add1efb/00LOCK-latertest/00new/latertest/libs
** checking absolute paths in shared objects and dynamic libraries
* DONE (latertest)
Loading required package: usethis
Loading required package: usethis
* using log directory ‘/home/pacha/Documents/later/latertest.Rcheck’
* using R version 4.6.0 (2026-04-24)
* using platform: x86_64-pc-linux-gnu
* R was compiled by
    gcc (GCC) 15.2.1 20260209
    GNU Fortran (GCC) 15.2.1 20260209
* running under: Manjaro Linux
* using session charset: UTF-8
* current time: 2026-05-12 23:51:41 UTC
* using options ‘--no-manual --as-cran’
* checking for file ‘latertest/DESCRIPTION’ ... OK
* checking extension type ... Package
* this is package ‘latertest’ version ‘0.1’
* package encoding: UTF-8
* checking CRAN incoming feasibility ... NOTE
Maintainer: ‘Charlie Gao <charlie.gao@posit.co>’

New submission

The Title field should be in title case. Current version is:
  ‘Additional unit tests for 'later'’
In title case that is:
  ‘Additional Unit Tests for 'later'’
* checking package namespace information ... OK
* checking package dependencies ... OK
* checking if this is a source package ... OK
* checking if there is a namespace ... OK
* checking for executable files ... OK
* checking for hidden files and directories ... OK
* checking for portable file names ... OK
* checking for sufficient/correct file permissions ... OK
* checking whether package ‘latertest’ can be installed ... OK
* used C++ compiler: ‘g++ (GCC) 15.2.1 20260209’
* checking C++ specification ... OK
  Not all R platforms support C++23
* checking installed package size ... OK
* checking package directory ... OK
* checking for future file timestamps ... OK
* checking DESCRIPTION meta-information ... OK
* checking top-level files ... OK
* checking for left-over files ... OK
* checking index information ... OK
* checking package subdirectories ... OK
* checking code files for non-ASCII characters ... OK
* checking R files for syntax errors ... OK
* checking whether the package can be loaded ... OK
* checking whether the package can be loaded with stated dependencies ... OK
* checking whether the package can be unloaded cleanly ... OK
* checking whether the namespace can be loaded with stated dependencies ... OK
* checking whether the namespace can be unloaded cleanly ... OK
* checking loading without being on the library search path ... OK
* checking use of S3 registration ... OK
* checking dependencies in R code ... OK
* checking S3 generic/method consistency ... OK
* checking replacement functions ... OK
* checking foreign function calls ... OK
* checking R code for possible problems ... OK
* checking Rd files ... OK
* checking Rd metadata ... OK
* checking Rd line widths ... OK
* checking Rd cross-references ... OK
* checking for missing documentation entries ... OK
* checking for code/documentation mismatches ... OK
* checking Rd \usage sections ... OK
* checking Rd contents ... OK
* checking for unstated dependencies in examples ... OK
* checking line endings in C/C++/Fortran sources/headers ... OK
* checking line endings in Makefiles ... OK
* checking compilation flags in Makevars ... OK
* checking for GNU extensions in Makefiles ... OK
* checking for portable use of $(BLAS_LIBS) and $(LAPACK_LIBS) ... OK
* checking use of PKG_*FLAGS in Makefiles ... OK
* checking use of SHLIB_OPENMP_*FLAGS in Makefiles ... OK
* checking pragmas in C/C++ headers and code ... OK
* checking compilation flags used ... NOTE
Compilation used the following non-portable flag(s):
  ‘-Werror=format-security’ ‘-Wformat’ ‘-Wp,-D_FORTIFY_SOURCE=3’
  ‘-Wp,-D_GLIBCXX_ASSERTIONS’ ‘-march=x86-64’
  ‘-mno-omit-leaf-frame-pointer’
* checking compiled code ... OK
* checking examples ... NONE
* checking for unstated dependencies in ‘tests’ ... OK
* checking tests ...
  Running ‘testthat.R’
 OK
* checking for non-standard things in the check directory ... OK
* checking for detritus in the temp directory ... OK
* DONE

Status: 2 NOTEs
See
  ‘/home/pacha/Documents/later/latertest.Rcheck/00check.log’
for details.

=== BEGIN 00install.out ===
Loading required package: usethis
* installing *source* package ‘latertest’ ...
** this is package ‘latertest’ version ‘0.1’
** using staged installation
** libs
specified C++23
using C++ compiler: ‘g++ (GCC) 15.2.1 20260209’
using C++23
make[1]: Entering directory '/home/pacha/Documents/later/latertest.Rcheck/00_pkg_src/latertest/src'
g++ -std=gnu++23 -I"/usr/include/R/" -DNDEBUG  -I'/home/pacha/R/x86_64-pc-linux-gnu-library/4.6/cpp4r/include' -I'/home/pacha/R/x86_64-pc-linux-gnu-library/4.6/later/include' -I/usr/local/include   -fopenmp -fpic  -march=x86-64 -mtune=generic -O2 -pipe -fno-plt -fexceptions         -Wp,-D_FORTIFY_SOURCE=3 -Wformat -Werror=format-security         -fstack-clash-protection -fcf-protection         -fno-omit-frame-pointer -mno-omit-leaf-frame-pointer -Wp,-D_GLIBCXX_ASSERTIONS -g -ffile-prefix-map=/build/r/src=/usr/src/debug/r -flto=auto -ffat-lto-objects   -c cpp4r.cpp -o cpp4r.o
g++ -std=gnu++23 -I"/usr/include/R/" -DNDEBUG  -I'/home/pacha/R/x86_64-pc-linux-gnu-library/4.6/cpp4r/include' -I'/home/pacha/R/x86_64-pc-linux-gnu-library/4.6/later/include' -I/usr/local/include   -fopenmp -fpic  -march=x86-64 -mtune=generic -O2 -pipe -fno-plt -fexceptions         -Wp,-D_FORTIFY_SOURCE=3 -Wformat -Werror=format-security         -fstack-clash-protection -fcf-protection         -fno-omit-frame-pointer -mno-omit-leaf-frame-pointer -Wp,-D_GLIBCXX_ASSERTIONS -g -ffile-prefix-map=/build/r/src=/usr/src/debug/r -flto=auto -ffat-lto-objects   -c latertest.cpp -o latertest.o
g++ -std=gnu++23 -shared -L/usr/lib64/R/lib -Wl,-O1 -Wl,--sort-common -Wl,--as-needed -Wl,-z,relro -Wl,-z,now -Wl,-z,pack-relative-relocs -flto=auto -o latertest.so cpp4r.o latertest.o -fopenmp -L/usr/lib64/R/lib -lR
make[1]: Leaving directory '/home/pacha/Documents/later/latertest.Rcheck/00_pkg_src/latertest/src'
make[1]: Entering directory '/home/pacha/Documents/later/latertest.Rcheck/00_pkg_src/latertest/src'
make[1]: Leaving directory '/home/pacha/Documents/later/latertest.Rcheck/00_pkg_src/latertest/src'
installing to /home/pacha/Documents/later/latertest.Rcheck/00LOCK-latertest/00new/latertest/libs
** R
** byte-compile and prepare package for lazy loading
** help
*** installing help indices
** building package indices
** testing if installed package can be loaded from temporary location
** checking absolute paths in shared objects and dynamic libraries
** testing if installed package can be loaded from final location
** testing if installed package keeps a record of temporary installation path
* DONE (latertest)
=== END 00install.out ===
R CMD check completed with no ERRORs. Warnings/Notes (if any) are allowed. See ./check-gcc-clang/check-CXX23-gcc.log for full output.
Run complete.
